<?xml version="1.0" encoding="UTF-8"?>
<testsuite name="htwberlin.webtech.WebtechprojektApplicationTests" tests="1" skipped="0" failures="0" errors="0" timestamp="2024-06-26T19:27:50" hostname="AYHAN-COMPUTER" time="0.514">
  <properties/>
  <testcase name="contextLoads()" classname="htwberlin.webtech.WebtechprojektApplicationTests" time="0.514"/>
  <system-out><![CDATA[21:27:49.024 [Test worker] INFO org.springframework.test.context.support.AnnotationConfigContextLoaderUtils -- Could not detect default configuration classes for test class [htwberlin.webtech.WebtechprojektApplicationTests]: WebtechprojektApplicationTests does not declare any static, non-private, non-final, nested classes annotated with @Configuration.
21:27:49.093 [Test worker] INFO org.springframework.boot.test.context.SpringBootTestContextBootstrapper -- Found @SpringBootConfiguration htwberlin.webtech.WebtechprojektApplication for test class htwberlin.webtech.WebtechprojektApplicationTests

  .   ____          _            __ _ _
 /\\ / ___'_ __ _ _(_)_ __  __ _ \ \ \ \
( ( )\___ | '_ | '_| | '_ \/ _` | \ \ \ \
 \\/  ___)| |_)| | | | | || (_| |  ) ) ) )
  '  |____| .__|_| |_|_| |_\__, | / / / /
 =========|_|==============|___/=/_/_/_/
 :: Spring Boot ::                (v3.2.5)

2024-06-26T21:27:49.365+02:00  INFO 23492 --- [webtechprojekt] [    Test worker] h.w.WebtechprojektApplicationTests       : Starting WebtechprojektApplicationTests using Java 21.0.1 with PID 23492 (started by ayfed in C:\Users\ayfed\IdeaProjects\MSGI-Backend2)
2024-06-26T21:27:49.367+02:00  INFO 23492 --- [webtechprojekt] [    Test worker] h.w.WebtechprojektApplicationTests       : No active profile set, falling back to 1 default profile: "default"
2024-06-26T21:27:50.124+02:00  INFO 23492 --- [webtechprojekt] [    Test worker] h.w.WebtechprojektApplicationTests       : Started WebtechprojektApplicationTests in 0.917 seconds (process running for 1.686)
]]></system-out>
  <system-err><![CDATA[WARNING: A Java agent has been loaded dynamically (C:\Users\ayfed\.gradle\caches\modules-2\files-2.1\net.bytebuddy\byte-buddy-agent\1.14.13\979ce25f7d3096a2e82214ba7dc972a05ce7a171\byte-buddy-agent-1.14.13.jar)
WARNING: If a serviceability tool is in use, please run with -XX:+EnableDynamicAgentLoading to hide this warning
WARNING: If a serviceability tool is not in use, please run with -Djdk.instrument.traceUsage for more information
WARNING: Dynamic loading of agents will be disallowed by default in a future release
]]></system-err>
</testsuite>
