<?xml version="1.0" encoding="UTF-8"?>
<testsuite name="htwberlin.webtech.WebtechprojektApplicationTests" tests="4" skipped="0" failures="0" errors="0" timestamp="2024-06-30T22:25:50" hostname="AYHAN-COMPUTER" time="0.347">
  <properties/>
  <testcase name="addFavorite_shouldReturnSuccessMessage()" classname="htwberlin.webtech.WebtechprojektApplicationTests" time="0.173"/>
  <testcase name="showHelloWorldPage_shouldReturnHelloworldView()" classname="htwberlin.webtech.WebtechprojektApplicationTests" time="0.144"/>
  <testcase name="contextLoads()" classname="htwberlin.webtech.WebtechprojektApplicationTests" time="0.002"/>
  <testcase name="getFavorites_shouldReturnListOfBeitrags()" classname="htwberlin.webtech.WebtechprojektApplicationTests" time="0.024"/>
  <system-out><![CDATA[00:25:46.598 [Test worker] INFO org.springframework.test.context.support.AnnotationConfigContextLoaderUtils -- Could not detect default configuration classes for test class [htwberlin.webtech.WebtechprojektApplicationTests]: WebtechprojektApplicationTests does not declare any static, non-private, non-final, nested classes annotated with @Configuration.
00:25:46.677 [Test worker] INFO org.springframework.boot.test.context.SpringBootTestContextBootstrapper -- Found @SpringBootConfiguration htwberlin.webtech.WebtechprojektApplication for test class htwberlin.webtech.WebtechprojektApplicationTests

  .   ____          _            __ _ _
 /\\ / ___'_ __ _ _(_)_ __  __ _ \ \ \ \
( ( )\___ | '_ | '_| | '_ \/ _` | \ \ \ \
 \\/  ___)| |_)| | | | | || (_| |  ) ) ) )
  '  |____| .__|_| |_|_| |_\__, | / / / /
 =========|_|==============|___/=/_/_/_/
 :: Spring Boot ::                (v3.2.5)

2024-07-01T00:25:46.967+02:00  INFO 12836 --- [webtechprojekt] [    Test worker] h.w.WebtechprojektApplicationTests       : Starting WebtechprojektApplicationTests using Java 21.0.1 with PID 12836 (started by ayfed in C:\Users\ayfed\IdeaProjects\Back12)
2024-07-01T00:25:46.968+02:00  INFO 12836 --- [webtechprojekt] [    Test worker] h.w.WebtechprojektApplicationTests       : No active profile set, falling back to 1 default profile: "default"
2024-07-01T00:25:47.407+02:00  INFO 12836 --- [webtechprojekt] [    Test worker] .s.d.r.c.RepositoryConfigurationDelegate : Bootstrapping Spring Data JPA repositories in DEFAULT mode.
2024-07-01T00:25:47.451+02:00  INFO 12836 --- [webtechprojekt] [    Test worker] .s.d.r.c.RepositoryConfigurationDelegate : Finished Spring Data repository scanning in 35 ms. Found 1 JPA repository interface.
2024-07-01T00:25:48.613+02:00  INFO 12836 --- [webtechprojekt] [    Test worker] com.zaxxer.hikari.HikariDataSource       : HikariPool-1 - Starting...
2024-07-01T00:25:48.800+02:00  INFO 12836 --- [webtechprojekt] [    Test worker] com.zaxxer.hikari.pool.HikariPool        : HikariPool-1 - Added connection conn0: url=jdbc:h2:mem:testdb user=SA
2024-07-01T00:25:48.803+02:00  INFO 12836 --- [webtechprojekt] [    Test worker] com.zaxxer.hikari.HikariDataSource       : HikariPool-1 - Start completed.
2024-07-01T00:25:48.851+02:00  INFO 12836 --- [webtechprojekt] [    Test worker] o.hibernate.jpa.internal.util.LogHelper  : HHH000204: Processing PersistenceUnitInfo [name: default]
2024-07-01T00:25:48.907+02:00  INFO 12836 --- [webtechprojekt] [    Test worker] org.hibernate.Version                    : HHH000412: Hibernate ORM core version 6.4.4.Final
2024-07-01T00:25:48.945+02:00  INFO 12836 --- [webtechprojekt] [    Test worker] o.h.c.internal.RegionFactoryInitiator    : HHH000026: Second-level cache disabled
2024-07-01T00:25:49.059+02:00  INFO 12836 --- [webtechprojekt] [    Test worker] o.s.o.j.p.SpringPersistenceUnitInfo      : No LoadTimeWeaver setup: ignoring JPA class transformer
2024-07-01T00:25:49.113+02:00  WARN 12836 --- [webtechprojekt] [    Test worker] org.hibernate.orm.deprecation            : HHH90000025: H2Dialect does not need to be specified explicitly using 'hibernate.dialect' (remove the property setting and it will be selected by default)
2024-07-01T00:25:49.599+02:00  INFO 12836 --- [webtechprojekt] [    Test worker] o.h.e.t.j.p.i.JtaPlatformInitiator       : HHH000489: No JTA platform available (set 'hibernate.transaction.jta.platform' to enable JTA platform integration)
2024-07-01T00:25:49.625+02:00  INFO 12836 --- [webtechprojekt] [    Test worker] j.LocalContainerEntityManagerFactoryBean : Initialized JPA EntityManagerFactory for persistence unit 'default'
2024-07-01T00:25:49.784+02:00  WARN 12836 --- [webtechprojekt] [    Test worker] JpaBaseConfiguration$JpaWebConfiguration : spring.jpa.open-in-view is enabled by default. Therefore, database queries may be performed during view rendering. Explicitly configure spring.jpa.open-in-view to disable this warning
2024-07-01T00:25:50.246+02:00  INFO 12836 --- [webtechprojekt] [    Test worker] o.s.b.a.h2.H2ConsoleAutoConfiguration    : H2 console available at '/h2-console'. Database available at 'jdbc:h2:mem:testdb'
2024-07-01T00:25:50.303+02:00  INFO 12836 --- [webtechprojekt] [    Test worker] o.s.b.t.m.w.SpringBootMockServletContext : Initializing Spring TestDispatcherServlet ''
2024-07-01T00:25:50.304+02:00  INFO 12836 --- [webtechprojekt] [    Test worker] o.s.t.web.servlet.TestDispatcherServlet  : Initializing Servlet ''
2024-07-01T00:25:50.306+02:00  INFO 12836 --- [webtechprojekt] [    Test worker] o.s.t.web.servlet.TestDispatcherServlet  : Completed initialization in 0 ms
2024-07-01T00:25:50.339+02:00  INFO 12836 --- [webtechprojekt] [    Test worker] h.w.WebtechprojektApplicationTests       : Started WebtechprojektApplicationTests in 3.541 seconds (process running for 4.391)
]]></system-out>
  <system-err><![CDATA[WARNING: A Java agent has been loaded dynamically (C:\Users\ayfed\.gradle\caches\modules-2\files-2.1\net.bytebuddy\byte-buddy-agent\1.14.13\979ce25f7d3096a2e82214ba7dc972a05ce7a171\byte-buddy-agent-1.14.13.jar)
WARNING: If a serviceability tool is in use, please run with -XX:+EnableDynamicAgentLoading to hide this warning
WARNING: If a serviceability tool is not in use, please run with -Djdk.instrument.traceUsage for more information
WARNING: Dynamic loading of agents will be disallowed by default in a future release
]]></system-err>
</testsuite>
